--- דוח צייד התורים - היסטוריית ריצות ---
[9.3.2026, 12:30:44] נמצא תור: התור הפנוי הקרוב בתאריך 02.06.2026 | רופא: ד"ר דאבוש קובי | עיר: לא צויין יישוב
[9.3.2026, 13:41:15] נמצא תור: התור הפנוי הקרוב בתאריך 16.07.2026 | רופא: ד"ר שיף אהרון | עיר: לא צויין יישוב
[9.3.2026, 22:51:57] נמצא תור: 24.03.2026 | רופא: ד"ר דאבוש קובי | עיר: עיר לא ידועה
[12.3.2026, 12:53:10] נמצא תור: 15.03.2026 | רופא: ד"ר דאבוש קובי | עיר: עיר לא ידועה
[13.3.2026, 11:17:55] נמצא תור: 26.05.2026 | רופא: ד"ר פינחסוב פינחס | עיר: עיר לא ידועה
[13.3.2026, 11:17:56] נמצא תור: 07.05.2026 | רופא: ד"ר בשארה אתאר | עיר: עיר לא ידועה
[13.3.2026, 11:17:58] נמצא תור: 20.05.2026 | רופא: ד"ר רובנוביץ' איגור | עיר: עיר לא ידועה
[13.3.2026, 11:17:59] נמצא תור: 02.06.2026 | רופא: ד"ר אפלשטיין אורנלה | עיר: עיר לא ידועה
[13.3.2026, 11:18:01] נמצא תור: 03.06.2026 | רופא: ד"ר גור שלומי אי | עיר: עיר לא ידועה
[13.3.2026, 11:18:11] נמצא תור: 14.03.2026 | רופא: ד"ר מצאלחה אתיר | עיר: עיר לא ידועה
[13.3.2026, 11:18:12] נמצא תור: 15.03.2026 | רופא: ד"ר דרומי רחל | עיר: עיר לא ידועה
[13.3.2026, 11:18:14] נמצא תור: 16.03.2026 | רופא: ד"ר רובנוביץ' איגור | עיר: עיר לא ידועה
[13.3.2026, 11:18:15] נמצא תור: 24.03.2026 | רופא: ד"ר דיאצ'נקו פבל | עיר: עיר לא ידועה
[13.3.2026, 11:18:17] נמצא תור: 26.03.2026 | רופא: ייעוץ בוידאו צ'אט | עיר: עיר לא ידועה
[13.3.2026, 11:18:19] נמצא תור: 28.03.2026 | רופא: ד"ר דקה אחסאן | עיר: עיר לא ידועה
[13.3.2026, 11:18:20] נמצא תור: 28.03.2026 | רופא: ד"ר כבהא אחמד | עיר: עיר לא ידועה
[13.3.2026, 11:18:31] נמצא תור: 30.03.2026 | רופא: ד"ר גרמפל חיים | עיר: עיר לא ידועה
[13.3.2026, 11:18:32] נמצא תור: 04.04.2026 | רופא: ד"ר אבו בכר עלי | עיר: עיר לא ידועה
[13.3.2026, 11:18:33] נמצא תור: 13.04.2026 | רופא: ד"ר חאג' יחיא כראם | עיר: עיר לא ידועה
[13.3.2026, 11:18:43] נמצא תור: 17.04.2026 | רופא: ד"ר גבריו סאמי | עיר: עיר לא ידועה
[13.3.2026, 11:18:45] נמצא תור: 17.04.2026 | רופא: ד"ר נג'אר סמיח | עיר: עיר לא ידועה
[13.3.2026, 11:18:55] נמצא תור: 05.05.2026 | רופא: ד"ר נאסר סלים | עיר: עיר לא ידועה
[13.3.2026, 11:18:56] נמצא תור: 10.05.2026 | רופא: ד"ר דיאס-פולק דוד | עיר: עיר לא ידועה
[13.3.2026, 11:18:58] נמצא תור: 10.05.2026 | רופא: ד"ר בלנקי ולדימיר | עיר: עיר לא ידועה
[13.3.2026, 11:19:08] נמצא תור: 18.05.2026 | רופא: ד"ר קוליש נורית | עיר: עיר לא ידועה
[13.3.2026, 11:19:09] נמצא תור: 20.05.2026 | רופא: ד"ר דיאמנט פבל | עיר: עיר לא ידועה
[13.3.2026, 11:19:13] נמצא תור: 24.05.2026 | רופא: ד"ר סורקינה אירינה | עיר: עיר לא ידועה
[13.3.2026, 11:19:14] נמצא תור: 25.05.2026 | רופא: ד"ר לוי גרי ריימ | עיר: עיר לא ידועה
[13.3.2026, 11:19:16] נמצא תור: 25.05.2026 | רופא: ד"ר רוזנבלט מתי יקות | עיר: עיר לא ידועה
[13.3.2026, 11:19:25] נמצא תור: 29.05.2026 | רופא: ד"ר סגל צבי | עיר: עיר לא ידועה
[13.3.2026, 11:19:27] נמצא תור: 01.06.2026 | רופא: ד"ר טרטנר עקיבא | עיר: עיר לא ידועה
[13.3.2026, 11:19:28] נמצא תור: 01.06.2026 | רופא: ד"ר גלילי ערן | עיר: עיר לא ידועה
[13.3.2026, 11:19:30] נמצא תור: 01.06.2026 | רופא: ד"ר הגלר יוסף | עיר: עיר לא ידועה
[13.3.2026, 11:19:32] נמצא תור: 02.06.2026 | רופא: ד"ר אדלשטיין דניס מיכ | עיר: עיר לא ידועה
[13.3.2026, 11:19:41] נמצא תור: 02.06.2026 | רופא: ד"ר טלב אייל | עיר: עיר לא ידועה
[13.3.2026, 11:19:43] נמצא תור: 07.06.2026 | רופא: רופא בי"ח 1 | עיר: עיר לא ידועה
